<?xml version="1.0" encoding="UTF-8"?>
<testng-results skipped="0" failed="0" total="1" passed="1">
  <reporter-output>
  </reporter-output>
  <suite name="Default suite" duration-ms="80179" started-at="2016-08-04T07:57:36Z" finished-at="2016-08-04T07:58:57Z">
    <groups>
    </groups>
    <test name="Default test" duration-ms="80179" started-at="2016-08-04T07:57:36Z" finished-at="2016-08-04T07:58:57Z">
      <class name="stream.core.execution.test.GraphExecutionTest">
        <test-method status="PASS" signature="BeforeMethod()[pri:0, instance:stream.core.execution.test.GraphExecutionTest@7adda9cc]" name="BeforeMethod" is-config="true" duration-ms="34" started-at="2016-08-04T15:57:36Z" finished-at="2016-08-04T15:57:36Z">
          <reporter-output>
          </reporter-output>
        </test-method> <!-- BeforeMethod -->
        <test-method status="PASS" signature="testAsyncCase()[pri:0, instance:stream.core.execution.test.GraphExecutionTest@7adda9cc]" name="testAsyncCase" duration-ms="80131" started-at="2016-08-04T15:57:36Z" finished-at="2016-08-04T15:58:57Z">
          <reporter-output>
          </reporter-output>
        </test-method> <!-- testAsyncCase -->
      </class> <!-- stream.core.execution.test.GraphExecutionTest -->
    </test> <!-- Default test -->
  </suite> <!-- Default suite -->
</testng-results>
